<?xml version="1.0" encoding="UTF-8"?>
<!-- Generated by org.testng.reporters.JUnitReportReporter -->
<testsuite hostname="LAPTOP-2UHLHC27" failures="0" tests="1" name="com.org.project.GETTraining.getTutorials" time="4.380" errors="0" timestamp="2021-04-23T21:05:32 IST" skipped="0">
  <testcase classname="com.org.project.GETTraining.getTutorials" name="test" time="4.380"/>
  <system-out/>
</testsuite> <!-- com.org.project.GETTraining.getTutorials -->
